<?xml version="1.0" encoding="UTF-8"?>
<!-- Generated by org.testng.reporters.JUnitReportReporter -->
<testsuite skipped="0" hostname="LAPTOP-N98O9MGL" name="com.pageTest.HomeTest" tests="5" failures="0" timestamp="25 Aug 2021 09:57:02 GMT" time="9.124" errors="0">
  <testcase name="verifyBlogsTitles" time="0.109" classname="com.pageTest.HomeTest"/>
  <testcase name="verifyBlogSectionSubHeader" time="0.078" classname="com.pageTest.HomeTest"/>
  <testcase name="verifyToReadSpecifiedByReadMoreBuutonBlog" time="8.385" classname="com.pageTest.HomeTest"/>
  <testcase name="verifyBlogSectionHeader" time="0.489" classname="com.pageTest.HomeTest"/>
  <testcase name="verifyHeader" time="0.063" classname="com.pageTest.HomeTest"/>
</testsuite> <!-- com.pageTest.HomeTest -->
