<?xml version="1.0" encoding="UTF-8"?>
<!-- Generated by org.testng.reporters.JUnitReportReporter -->
<testsuite skipped="0" hostname="LAPTOP-N98O9MGL" name="com.pageTest.LoginPageTest" tests="3" failures="0" timestamp="25 Aug 2021 07:44:48 GMT" time="78.691" errors="0">
  <testcase name="validateInvalidateLoginCredential" time="28.962" classname="com.pageTest.LoginPageTest"/>
  <testcase name="validateBlankLoginCredential" time="15.469" classname="com.pageTest.LoginPageTest"/>
  <testcase name="validateValidLoginCredential" time="34.260" classname="com.pageTest.LoginPageTest"/>
</testsuite> <!-- com.pageTest.LoginPageTest -->
