<?xml version="1.0" encoding="UTF-8"?>
<!-- Generated by org.testng.reporters.JUnitReportReporter -->
<testsuite skipped="0" hostname="LAPTOP-N98O9MGL" name="com.pageTest.HomeTest" tests="5" failures="0" timestamp="22 Aug 2021 20:03:28 GMT" time="4.251" errors="0">
  <testcase name="verifyBlogSectionSubHeader" time="0.038" classname="com.pageTest.HomeTest"/>
  <testcase name="verifyHeader" time="0.035" classname="com.pageTest.HomeTest"/>
  <testcase name="verifyToReadSpecifiedByReadMoreBuutonBlog" time="3.845" classname="com.pageTest.HomeTest"/>
  <testcase name="verifyBlogSectionHeader" time="0.274" classname="com.pageTest.HomeTest"/>
  <testcase name="verifyBlogsTitles" time="0.059" classname="com.pageTest.HomeTest"/>
</testsuite> <!-- com.pageTest.HomeTest -->
