<?xml version="1.0" encoding="UTF-8"?>
<!-- Generated by org.testng.reporters.JUnitReportReporter -->
<testsuite skipped="0" hostname="LAPTOP-N98O9MGL" name="com.pageTest.HomeTest" tests="5" failures="0" timestamp="22 Aug 2021 13:42:51 GMT" time="4.199" errors="0">
  <testcase name="verifyBlogSectionHeader" time="0.272" classname="com.pageTest.HomeTest"/>
  <testcase name="verifyBlogSectionSubHeader" time="0.032" classname="com.pageTest.HomeTest"/>
  <testcase name="verifyHeader" time="0.047" classname="com.pageTest.HomeTest"/>
  <testcase name="verifyBlogsTitles" time="0.062" classname="com.pageTest.HomeTest"/>
  <testcase name="verifyToReadSpecifiedByReadMoreBuutonBlog" time="3.786" classname="com.pageTest.HomeTest"/>
</testsuite> <!-- com.pageTest.HomeTest -->
