<?xml version="1.0" encoding="UTF-8"?>
<!-- Generated by org.testng.reporters.JUnitReportReporter -->
<testsuite skipped="0" hostname="LAPTOP-N98O9MGL" name="com.pageTest.Sleep" tests="1" failures="0" timestamp="19 Aug 2021 17:24:01 GMT" time="26.436" errors="0">
  <testcase name="slelctone" time="26.436" classname="com.pageTest.Sleep"/>
</testsuite> <!-- com.pageTest.Sleep -->
